Using pre-set license
Built from '2020.3/release' branch; Version is '2020.3.1f1 (77a89f25062f) revision 7841951'; Using compiler version '192528614'; Build Type 'Release'
OS: 'Windows 10 Home; OS build 19042.867; Version 2009; 64bit' Language: 'en' Physical Memory: 32692 MB
BatchMode: 1, IsHumanControllingUs: 0, StartBugReporterOnCrash: 0, Is64bit: 1, IsPro: 0

 COMMAND LINE ARGUMENTS:
C:\Program Files\Unity\Hub\Editor\2020.3.1f1\Editor\Unity.exe
-adb2
-batchMode
-noUpm
-name
AssetImportWorker0
-projectPath
G:/Unity Projects/IND Prot/romioNjulai
-logFile
Logs/AssetImportWorker0.log
-srvPort
58912
Successfully changed project path to: G:/Unity Projects/IND Prot/romioNjulai
G:/Unity Projects/IND Prot/romioNjulai
Using Asset Import Pipeline V2.
Refreshing native plugins compatible for Editor in 54.59 ms, found 0 plugins.
Preloading 0 native plugins for Editor in 0.00 ms.
Initialize engine version: 2020.3.1f1 (77a89f25062f)
[Subsystems] Discovering subsystems at path C:/Program Files/Unity/Hub/Editor/2020.3.1f1/Editor/Data/Resources/UnitySubsystems
[Subsystems] Discovering subsystems at path G:/Unity Projects/IND Prot/romioNjulai/Assets
GfxDevice: creating device client; threaded=0
Direct3D:
    Version:  Direct3D 11.0 [level 11.1]
    Renderer: NVIDIA GeForce GTX 1060 3GB (ID=0x1c02)
    Vendor:   
    VRAM:     2988 MB
    Driver:   27.21.14.6192
Shader 'Universal Render Pipeline/Particles/Lit': fallback shader 'Universal Render Pipeline/Particles/SimpleLit' not found
Initialize mono
Mono path[0] = 'C:/Program Files/Unity/Hub/Editor/2020.3.1f1/Editor/Data/Managed'
Mono path[1] = 'C:/Program Files/Unity/Hub/Editor/2020.3.1f1/Editor/Data/MonoBleedingEdge/lib/mono/unityjit'
Mono config path = 'C:/Program Files/Unity/Hub/Editor/2020.3.1f1/Editor/Data/MonoBleedingEdge/etc'
Using monoOptions --debugger-agent=transport=dt_socket,embedding=1,server=y,suspend=n,address=127.0.0.1:56808
Begin MonoManager ReloadAssembly
Registering precompiled unity dll's ...
Register platform support module: C:/Program Files/Unity/Hub/Editor/2020.3.1f1/Editor/Data/PlaybackEngines/MacStandaloneSupport/UnityEditor.OSXStandalone.Extensions.dll
Register platform support module: C:/Program Files/Unity/Hub/Editor/2020.3.1f1/Editor/Data/PlaybackEngines/WindowsStandaloneSupport/UnityEditor.WindowsStandalone.Extensions.dll
Register platform support module: C:/Program Files/Unity/Hub/Editor/2020.3.1f1/Editor/Data/PlaybackEngines/LinuxStandaloneSupport/UnityEditor.LinuxStandalone.Extensions.dll
Registered in 0.003741 seconds.
Native extension for LinuxStandalone target not found
Native extension for WindowsStandalone target not found
Native extension for OSXStandalone target not found
Refreshing native plugins compatible for Editor in 65.33 ms, found 0 plugins.
Preloading 0 native plugins for Editor in 0.00 ms.
Invoked RoslynAnalysisRunner static constructor.
RoslynAnalysisRunner will not be running.
RoslynAnalysisRunner has terminated.
Mono: successfully reloaded assembly
- Completed reload, in  1.035 seconds
Platform modules already initialized, skipping
Registering precompiled user dll's ...
Registered in 0.001362 seconds.
Begin MonoManager ReloadAssembly
Native extension for LinuxStandalone target not found
Native extension for WindowsStandalone target not found
Native extension for OSXStandalone target not found
Refreshing native plugins compatible for Editor in 54.19 ms, found 0 plugins.
Preloading 0 native plugins for Editor in 0.00 ms.
Invoked RoslynAnalysisRunner static constructor.
RoslynAnalysisRunner will not be running.
RoslynAnalysisRunner has terminated.
Mono: successfully reloaded assembly
- Completed reload, in  1.208 seconds
Platform modules already initialized, skipping
========================================================================
Worker process is ready to serve import requests
Shader 'Universal Render Pipeline/Particles/Lit': fallback shader 'Universal Render Pipeline/Particles/SimpleLit' not found
Launched and connected shader compiler UnityShaderCompiler.exe after 0.04 seconds
Refreshing native plugins compatible for Editor in 0.52 ms, found 0 plugins.
Preloading 0 native plugins for Editor in 0.00 ms.
Unloading 3628 Unused Serialized files (Serialized files now loaded: 0)
System memory in use before: 161.7 MB.
System memory in use after: 161.8 MB.

Unloading 136 unused Assets to reduce memory usage. Loaded Objects now: 4062.
Total: 2.817500 ms (FindLiveObjects: 0.473300 ms CreateObjectMapping: 0.230400 ms MarkObjects: 1.924900 ms  DeleteObjects: 0.188000 ms)

========================================================================
Received Import Request.
  path: Assets/Scenes/locations/origin.unity
  artifactKey: Guid(1192a6d47fb4b5340bcdbb04784bb1cf) Importer(815301076,1909f56bfc062723c751e8b465ee728b)
Start importing Assets/Scenes/locations/origin.unity using Guid(1192a6d47fb4b5340bcdbb04784bb1cf) Importer(815301076,1909f56bfc062723c751e8b465ee728b)  -> (artifact id: '52e2dc7e80d0f1e8815193a99d5c234a') in 0.010389 seconds
  Import took 0.016423 seconds .

========================================================================
Received Import Request.
  Time since last request: 10.201174 seconds.
  path: Assets/Blend Files/Floor_Wall.mat
  artifactKey: Guid(8b4d59b5b143ba444bf3fff94f3f9343) Importer(815301076,1909f56bfc062723c751e8b465ee728b)
Start importing Assets/Blend Files/Floor_Wall.mat using Guid(8b4d59b5b143ba444bf3fff94f3f9343) Importer(815301076,1909f56bfc062723c751e8b465ee728b)  -> (artifact id: '0d66dda593130ab793a24b980f0ff32b') in 0.221014 seconds
  Import took 0.226815 seconds .

========================================================================
Received Import Request.
  Time since last request: 0.000228 seconds.
  path: Assets/Blend Files/New_Start.blend
  artifactKey: Guid(6e3214009fba14a408d6dd7e0de3aa49) Importer(815301076,1909f56bfc062723c751e8b465ee728b)
Start importing Assets/Blend Files/New_Start.blend using Guid(6e3214009fba14a408d6dd7e0de3aa49) Importer(815301076,1909f56bfc062723c751e8b465ee728b)  -> (artifact id: 'ff648d358d4b9ca352e66841f781178e') in 0.468666 seconds
  Import took 0.486366 seconds .

========================================================================
Received Import Request.
  Time since last request: 0.000159 seconds.
  path: Assets/Blend Files/Floor_Wall.mat
  artifactKey: Guid(8b4d59b5b143ba444bf3fff94f3f9343) Importer(815301076,1909f56bfc062723c751e8b465ee728b)
Start importing Assets/Blend Files/Floor_Wall.mat using Guid(8b4d59b5b143ba444bf3fff94f3f9343) Importer(815301076,1909f56bfc062723c751e8b465ee728b)  -> (artifact id: '0d66dda593130ab793a24b980f0ff32b') in 0.007266 seconds
  Import took 0.012675 seconds .

========================================================================
Received Import Request.
  Time since last request: 11.337739 seconds.
  path: Assets/Materials
  artifactKey: Guid(b3d979e687fb14240b4445ec9a0439d6) Importer(815301076,1909f56bfc062723c751e8b465ee728b)
Start importing Assets/Materials using Guid(b3d979e687fb14240b4445ec9a0439d6) Importer(815301076,1909f56bfc062723c751e8b465ee728b)  -> (artifact id: '051aca278db4ab8a54a6b044e1b08800') in 0.005961 seconds
  Import took 0.012241 seconds .

========================================================================
Received Import Request.
  Time since last request: 7.957067 seconds.
  path: Assets/Materials/New Material.mat
  artifactKey: Guid(687363092b94b0c448a9a8764d9819c9) Importer(815301076,1909f56bfc062723c751e8b465ee728b)
Start importing Assets/Materials/New Material.mat using Guid(687363092b94b0c448a9a8764d9819c9) Importer(815301076,1909f56bfc062723c751e8b465ee728b)  -> (artifact id: 'ad6d0f242e394cc973c41fc6bcc6b8b9') in 0.015764 seconds
  Import took 0.021078 seconds .

========================================================================
Received Prepare
Registering precompiled user dll's ...
Registered in 0.001471 seconds.
Begin MonoManager ReloadAssembly
Native extension for LinuxStandalone target not found
Native extension for WindowsStandalone target not found
Native extension for OSXStandalone target not found
Refreshing native plugins compatible for Editor in 0.57 ms, found 0 plugins.
Preloading 0 native plugins for Editor in 0.00 ms.
Warning: Annotation not found!
UnityEngine.StackTraceUtility:ExtractStackTrace ()
UnityEditor.ProBuilder.EditorUtility:SetGizmoIconEnabled (System.Type,bool) (at Library/PackageCache/com.unity.probuilder@4.4.0/Editor/EditorCore/EditorUtility.cs:593)
UnityEditor.ProBuilder.HierarchyListener:.cctor () (at Library/PackageCache/com.unity.probuilder@4.4.0/Editor/EditorCore/HierarchyListener.cs:21)
System.Runtime.CompilerServices.RuntimeHelpers:RunClassConstructor (System.RuntimeTypeHandle)
UnityEditor.EditorAssemblies:ProcessInitializeOnLoadAttributes (System.Type[])

[Library/PackageCache/com.unity.probuilder@4.4.0/Editor/EditorCore/EditorUtility.cs line 593]

Invoked RoslynAnalysisRunner static constructor.
RoslynAnalysisRunner will not be running.
RoslynAnalysisRunner has terminated.
Mono: successfully reloaded assembly
- Completed reload, in  0.960 seconds
Platform modules already initialized, skipping
Shader 'Universal Render Pipeline/Particles/Lit': fallback shader 'Universal Render Pipeline/Particles/SimpleLit' not found
Refreshing native plugins compatible for Editor in 0.53 ms, found 0 plugins.
Preloading 0 native plugins for Editor in 0.00 ms.
Unloading 3437 Unused Serialized files (Serialized files now loaded: 0)
System memory in use before: 154.9 MB.
System memory in use after: 155.1 MB.

Unloading 11 unused Assets to reduce memory usage. Loaded Objects now: 4146.
Total: 2.445700 ms (FindLiveObjects: 0.329600 ms CreateObjectMapping: 0.168400 ms MarkObjects: 1.879200 ms  DeleteObjects: 0.067800 ms)

========================================================================
Received Prepare
Registering precompiled user dll's ...
Registered in 0.001375 seconds.
Begin MonoManager ReloadAssembly
Native extension for LinuxStandalone target not found
Native extension for WindowsStandalone target not found
Native extension for OSXStandalone target not found
Refreshing native plugins compatible for Editor in 0.59 ms, found 0 plugins.
Preloading 0 native plugins for Editor in 0.00 ms.
Warning: Annotation not found!
UnityEngine.StackTraceUtility:ExtractStackTrace ()
UnityEditor.ProBuilder.EditorUtility:SetGizmoIconEnabled (System.Type,bool) (at Library/PackageCache/com.unity.probuilder@4.4.0/Editor/EditorCore/EditorUtility.cs:593)
UnityEditor.ProBuilder.HierarchyListener:.cctor () (at Library/PackageCache/com.unity.probuilder@4.4.0/Editor/EditorCore/HierarchyListener.cs:21)
System.Runtime.CompilerServices.RuntimeHelpers:RunClassConstructor (System.RuntimeTypeHandle)
UnityEditor.EditorAssemblies:ProcessInitializeOnLoadAttributes (System.Type[])

[Library/PackageCache/com.unity.probuilder@4.4.0/Editor/EditorCore/EditorUtility.cs line 593]

Invoked RoslynAnalysisRunner static constructor.
RoslynAnalysisRunner will not be running.
RoslynAnalysisRunner has terminated.
Mono: successfully reloaded assembly
- Completed reload, in  0.956 seconds
Platform modules already initialized, skipping
Shader 'Universal Render Pipeline/Particles/Lit': fallback shader 'Universal Render Pipeline/Particles/SimpleLit' not found
Refreshing native plugins compatible for Editor in 1.01 ms, found 0 plugins.
Preloading 0 native plugins for Editor in 0.00 ms.
Unloading 3437 Unused Serialized files (Serialized files now loaded: 0)
System memory in use before: 155.0 MB.
System memory in use after: 155.2 MB.

Unloading 11 unused Assets to reduce memory usage. Loaded Objects now: 4149.
Total: 2.831600 ms (FindLiveObjects: 0.401400 ms CreateObjectMapping: 0.241400 ms MarkObjects: 2.100300 ms  DeleteObjects: 0.087200 ms)

========================================================================
Received Prepare
Registering precompiled user dll's ...
Registered in 0.001360 seconds.
Begin MonoManager ReloadAssembly
Native extension for LinuxStandalone target not found
Native extension for WindowsStandalone target not found
Native extension for OSXStandalone target not found
Refreshing native plugins compatible for Editor in 0.55 ms, found 0 plugins.
Preloading 0 native plugins for Editor in 0.00 ms.
Warning: Annotation not found!
UnityEngine.StackTraceUtility:ExtractStackTrace ()
UnityEditor.ProBuilder.EditorUtility:SetGizmoIconEnabled (System.Type,bool) (at Library/PackageCache/com.unity.probuilder@4.4.0/Editor/EditorCore/EditorUtility.cs:593)
UnityEditor.ProBuilder.HierarchyListener:.cctor () (at Library/PackageCache/com.unity.probuilder@4.4.0/Editor/EditorCore/HierarchyListener.cs:21)
System.Runtime.CompilerServices.RuntimeHelpers:RunClassConstructor (System.RuntimeTypeHandle)
UnityEditor.EditorAssemblies:ProcessInitializeOnLoadAttributes (System.Type[])

[Library/PackageCache/com.unity.probuilder@4.4.0/Editor/EditorCore/EditorUtility.cs line 593]

Invoked RoslynAnalysisRunner static constructor.
RoslynAnalysisRunner will not be running.
RoslynAnalysisRunner has terminated.
Mono: successfully reloaded assembly
- Completed reload, in  0.928 seconds
Platform modules already initialized, skipping
Shader 'Universal Render Pipeline/Particles/Lit': fallback shader 'Universal Render Pipeline/Particles/SimpleLit' not found
Refreshing native plugins compatible for Editor in 0.51 ms, found 0 plugins.
Preloading 0 native plugins for Editor in 0.00 ms.
Unloading 3437 Unused Serialized files (Serialized files now loaded: 0)
System memory in use before: 155.0 MB.
System memory in use after: 155.2 MB.

Unloading 11 unused Assets to reduce memory usage. Loaded Objects now: 4152.
Total: 2.788000 ms (FindLiveObjects: 0.387600 ms CreateObjectMapping: 0.185100 ms MarkObjects: 2.142900 ms  DeleteObjects: 0.071500 ms)

========================================================================
Received Import Request.
  Time since last request: 1296.806889 seconds.
  path: Assets/Scenes/locations/origin.unity
  artifactKey: Guid(1192a6d47fb4b5340bcdbb04784bb1cf) Importer(815301076,1909f56bfc062723c751e8b465ee728b)
Start importing Assets/Scenes/locations/origin.unity using Guid(1192a6d47fb4b5340bcdbb04784bb1cf) Importer(815301076,1909f56bfc062723c751e8b465ee728b)  -> (artifact id: '98b898b37cae60d851c8f4c0815f1646') in 0.016694 seconds
  Import took 0.034126 seconds .

========================================================================
Received Import Request.
  Time since last request: 59.863935 seconds.
  path: Assets/Scenes/locations/mercutioHut.unity
  artifactKey: Guid(2a2cc6725b4b8cb46b1264ac19c133b0) Importer(815301076,1909f56bfc062723c751e8b465ee728b)
Start importing Assets/Scenes/locations/mercutioHut.unity using Guid(2a2cc6725b4b8cb46b1264ac19c133b0) Importer(815301076,1909f56bfc062723c751e8b465ee728b)  -> (artifact id: 'b52651fc2b6867bcb9fefd4eeb022f3d') in 0.031646 seconds
  Import took 0.053502 seconds .

========================================================================
Received Import Request.
  Time since last request: 237.157177 seconds.
  path: Assets/Scenes/locations/New Lighting Settings.lighting
  artifactKey: Guid(f26377f878cfe4941a4e564a1f7333a7) Importer(815301076,1909f56bfc062723c751e8b465ee728b)
Start importing Assets/Scenes/locations/New Lighting Settings.lighting using Guid(f26377f878cfe4941a4e564a1f7333a7) Importer(815301076,1909f56bfc062723c751e8b465ee728b)  -> (artifact id: 'd15ff97b360135dcf86af15b9e232117') in 0.010417 seconds
  Import took 0.016956 seconds .

========================================================================
Received Import Request.
  Time since last request: 6.580607 seconds.
  path: Assets/Scenes/locations/capuletBase.unity
  artifactKey: Guid(d27fbc1cac45d7242b7e3e5e2a635f4a) Importer(815301076,1909f56bfc062723c751e8b465ee728b)
Start importing Assets/Scenes/locations/capuletBase.unity using Guid(d27fbc1cac45d7242b7e3e5e2a635f4a) Importer(815301076,1909f56bfc062723c751e8b465ee728b)  -> (artifact id: '562926c4f9994d5f2d334cee0ab61a38') in 0.030036 seconds
  Import took 0.034907 seconds .

========================================================================
Received Import Request.
  Time since last request: 1093.755877 seconds.
  path: Assets/Scenes/locations/missileSilo.unity
  artifactKey: Guid(3784028a0d4727548acbb546c8dcc44e) Importer(815301076,1909f56bfc062723c751e8b465ee728b)
Start importing Assets/Scenes/locations/missileSilo.unity using Guid(3784028a0d4727548acbb546c8dcc44e) Importer(815301076,1909f56bfc062723c751e8b465ee728b)  -> (artifact id: '9fefa2897f9a43ef226d7a9c2a88ed41') in 0.007901 seconds
  Import took 0.014316 seconds .

AssetImportWorkerClient::OnTransportError - code=2 error=End of file
